<?xml version="1.0" encoding="UTF-8" ?>
<testsuites>
<testsuite name="SharedComponentParameterSanity SYSP1" errors="0" tests="0" failures="0" time="0" timestamp="2015-04-30T10:25:51">
</testsuite>
<testsuite name="SharedComponentParameterSanity SYSP1.Component Level " errors="0" tests="37" failures="0" time="2743.733" timestamp="2015-04-30T09:29:57">
  <testcase classname="SharedComponentParameterSanity SYSP1.Component Level " name="13878 create edit delete folder" time="64.023"></testcase>
  <testcase classname="SharedComponentParameterSanity SYSP1.Component Level " name="13879 copy paste folder" time="58.527"></testcase>
  <testcase classname="SharedComponentParameterSanity SYSP1.Component Level " name="13880 create delete string parameter and set value by sendKey" time="56.535"></testcase>
  <testcase classname="SharedComponentParameterSanity SYSP1.Component Level " name="13881 create string parameter and set parameter as value by drop down search param" time="82.291"></testcase>
  <testcase classname="SharedComponentParameterSanity SYSP1.Component Level " name="13882 create string parameter and set parameter as value by pop up search param" time="94.921"></testcase>
  <testcase classname="SharedComponentParameterSanity SYSP1.Component Level " name="13883 edit string parameter and check 4 scopes" time="85.046"></testcase>
  <testcase classname="SharedComponentParameterSanity SYSP1.Component Level " name="13884 edit string parameter and check name and value" time="75.982"></testcase>
  <testcase classname="SharedComponentParameterSanity SYSP1.Component Level " name="13885 create delete boolean parameter and set value by sendKey" time="49.831"></testcase>
  <testcase classname="SharedComponentParameterSanity SYSP1.Component Level " name="13886 create boolean parameter and set parameter as value by drop down search param" time="83.68"></testcase>
  <testcase classname="SharedComponentParameterSanity SYSP1.Component Level " name="13887 edit boolean parameter and check 4 scopes" time="89.303"></testcase>
  <testcase classname="SharedComponentParameterSanity SYSP1.Component Level " name="13888 edit boolean parameter and check name and value" time="79.345"></testcase>
  <testcase classname="SharedComponentParameterSanity SYSP1.Component Level " name="13889 create delete password parameter and set value by sendKey" time="47.497"></testcase>
  <testcase classname="SharedComponentParameterSanity SYSP1.Component Level " name="13890 edit password and check 4 scopes" time="95.008"></testcase>
  <testcase classname="SharedComponentParameterSanity SYSP1.Component Level " name="13891 edit password and check name" time="65.988"></testcase>
  <testcase classname="SharedComponentParameterSanity SYSP1.Component Level " name="13892 create delete number parameter and set value by sendKey" time="46.355"></testcase>
  <testcase classname="SharedComponentParameterSanity SYSP1.Component Level " name="13893 create number parameter and set parameter as value by drop down search param" time="95.736"></testcase>
  <testcase classname="SharedComponentParameterSanity SYSP1.Component Level " name="13894 edit number parameter and check 4 scopes" time="83.865"></testcase>
  <testcase classname="SharedComponentParameterSanity SYSP1.Component Level " name="13895 edit number parameter and check name and value" time="82.747"></testcase>
  <testcase classname="SharedComponentParameterSanity SYSP1.Component Level " name="13896 create delete result set parameter and set empty value" time="43.245"></testcase>
  <testcase classname="SharedComponentParameterSanity SYSP1.Component Level " name="13897 create result set parameter and set parameter as value by drop down search param" time="67.503"></testcase>
  <testcase classname="SharedComponentParameterSanity SYSP1.Component Level " name="13898 edit result set parameter and check name" time="56.953"></testcase>
  <testcase classname="SharedComponentParameterSanity SYSP1.Component Level " name="13856 create delete string array parameter and set value by sendKey" time="50.635"></testcase>
  <testcase classname="SharedComponentParameterSanity SYSP1.Component Level " name="13857 create string array parameter and set parameter as value by drop down search param" time="82.999"></testcase>
  <testcase classname="SharedComponentParameterSanity SYSP1.Component Level " name="13858 create string array parameter and set parameter as value by drop down search param" time="85.444"></testcase>
  <testcase classname="SharedComponentParameterSanity SYSP1.Component Level " name="13859 edit string array parameter and check 4 scopes" time="89.57"></testcase>
  <testcase classname="SharedComponentParameterSanity SYSP1.Component Level " name="13860 edit string Array parameter and check name and value" time="88.685"></testcase>
  <testcase classname="SharedComponentParameterSanity SYSP1.Component Level " name="13861 create delete boolean array parameter and set value by sendKey" time="52.812"></testcase>
  <testcase classname="SharedComponentParameterSanity SYSP1.Component Level " name="13862 create boolean array parameter and set parameter as value by drop down search param" time="92.66"></testcase>
  <testcase classname="SharedComponentParameterSanity SYSP1.Component Level " name="13863 create boolean array parameter and set parameter as value by drop down search param" time="86.906"></testcase>
  <testcase classname="SharedComponentParameterSanity SYSP1.Component Level " name="13864 edit boolean array parameter and check 4 scopes" time="92.108"></testcase>
  <testcase classname="SharedComponentParameterSanity SYSP1.Component Level " name="13865 edit boolean array parameter and check name and value" time="90.777"></testcase>
  <testcase classname="SharedComponentParameterSanity SYSP1.Component Level " name="13866 create delete number array parameter and set value by sendKey" time="52.818"></testcase>
  <testcase classname="SharedComponentParameterSanity SYSP1.Component Level " name="13867 create number array parameter and set parameter as value by drop down search param" time="81.111"></testcase>
  <testcase classname="SharedComponentParameterSanity SYSP1.Component Level " name="13868 create number array parameter and set Array parameter as value by drop down search param" time="79.113"></testcase>
  <testcase classname="SharedComponentParameterSanity SYSP1.Component Level " name="13869 edit number array parameter and check 4 scopes" time="83.411"></testcase>
  <testcase classname="SharedComponentParameterSanity SYSP1.Component Level " name="13870 edit number array parameter and check name and value" time="82.776"></testcase>
  <testcase classname="SharedComponentParameterSanity SYSP1.Component Level " name="13871 create delete predefined options parameter and set value by sendKey" time="47.411"></testcase>
</testsuite>
<testsuite name="SharedComponentParameterSanity SYSP1.Component Level" errors="0" tests="7" failures="2" time="609.931" timestamp="2015-04-30T10:15:41">
  <testcase classname="SharedComponentParameterSanity SYSP1.Component Level" name="13872 create delete collection element parameter" time="45.711"></testcase>
  <testcase classname="SharedComponentParameterSanity SYSP1.Component Level" name="13873 create string within collection element parameter" time="73.294"></testcase>
  <testcase classname="SharedComponentParameterSanity SYSP1.Component Level" name="13874 copy parameter and paste to a folder" time="104.76"></testcase>
  <testcase classname="SharedComponentParameterSanity SYSP1.Component Level" name="13875 cut parameter and paste to a folder" time="96.538"></testcase>
  <testcase classname="SharedComponentParameterSanity SYSP1.Component Level" name="13876 find usage" time="107.713"></testcase>
  <testcase classname="SharedComponentParameterSanity SYSP1.Component Level" name="13877 move usage" time="97.437"><failure type="expect" message="ElementNotVisibleError: element not visible
  (Session info: chrome=42.0.2311.90)
  (Driver info: chromedriver=2.14.313457 (3d645c400edf2e2c500566c9aa096063e707c9cf),platform=Windows NT 6.1 SP1 x86_64) (WARNING: The server did not provide any stacktrace information)
Command duration or timeout: 73 milliseconds
Build info: version: &amp;apos;2.45.0&amp;apos;, revision: &amp;apos;5017cb8&amp;apos;, time: &amp;apos;2015-02-26 23:59:50&amp;apos;
System info: host: &amp;apos;RA-NTLY-4084&amp;apos;, ip: &amp;apos;10.130.174.30&amp;apos;, os.name: &amp;apos;Windows Server 2008 R2&amp;apos;, os.arch: &amp;apos;x86&amp;apos;, os.version: &amp;apos;6.1&amp;apos;, java.version: &amp;apos;1.8.0_40&amp;apos;
Driver info: org.openqa.selenium.chrome.ChromeDriver
Capabilities [{applicationCacheEnabled=false, rotatable=false, mobileEmulationEnabled=false, chrome={userDataDir=C:\Users\ADMINI~1\AppData\Local\Temp\2\scoped_dir3076_16609}, takesHeapSnapshot=true, databaseEnabled=false, handlesAlerts=true, version=42.0.2311.90, platform=XP, browserConnectionEnabled=false, nativeEvents=true, acceptSslCerts=true, locationContextEnabled=true, webStorageEnabled=true, browserName=chrome, takesScreenshot=true, javascriptEnabled=true, cssSelectorsEnabled=true}]
Session ID: 85ee414ff408e5611d01be7738c12c05">ElementNotVisibleError: element not visible
  (Session info: chrome=42.0.2311.90)
  (Driver info: chromedriver=2.14.313457 (3d645c400edf2e2c500566c9aa096063e707c9cf),platform=Windows NT 6.1 SP1 x86_64) (WARNING: The server did not provide any stacktrace information)
Command duration or timeout: 73 milliseconds
Build info: version: &amp;apos;2.45.0&amp;apos;, revision: &amp;apos;5017cb8&amp;apos;, time: &amp;apos;2015-02-26 23:59:50&amp;apos;
System info: host: &amp;apos;RA-NTLY-4084&amp;apos;, ip: &amp;apos;10.130.174.30&amp;apos;, os.name: &amp;apos;Windows Server 2008 R2&amp;apos;, os.arch: &amp;apos;x86&amp;apos;, os.version: &amp;apos;6.1&amp;apos;, java.version: &amp;apos;1.8.0_40&amp;apos;
Driver info: org.openqa.selenium.chrome.ChromeDriver
Capabilities [{applicationCacheEnabled=false, rotatable=false, mobileEmulationEnabled=false, chrome={userDataDir=C:\Users\ADMINI~1\AppData\Local\Temp\2\scoped_dir3076_16609}, takesHeapSnapshot=true, databaseEnabled=false, handlesAlerts=true, version=42.0.2311.90, platform=XP, browserConnectionEnabled=false, nativeEvents=true, acceptSslCerts=true, locationContextEnabled=true, webStorageEnabled=true, browserName=chrome, takesScreenshot=true, javascriptEnabled=true, cssSelectorsEnabled=true}]
Session ID: 85ee414ff408e5611d01be7738c12c05
    at new bot.Error (C:\Eclipse\release-automation\trunk-smoke\nolio\platform\server\ui\nl-build-utils\node_modules\protractor\node_modules\selenium-webdriver\lib\atoms\error.js:113:18)
    at Object.bot.response.checkResponse (C:\Eclipse\release-automation\trunk-smoke\nolio\platform\server\ui\nl-build-utils\node_modules\protractor\node_modules\selenium-webdriver\lib\atoms\response.js:106:9)
    at C:\Eclipse\release-automation\trunk-smoke\nolio\platform\server\ui\nl-build-utils\node_modules\protractor\node_modules\selenium-webdriver\lib\webdriver\webdriver.js:362:20
    at C:\Eclipse\release-automation\trunk-smoke\nolio\platform\server\ui\nl-build-utils\node_modules\protractor\node_modules\selenium-webdriver\lib\goog\base.js:1582:15
    at [object Object].webdriver.promise.ControlFlow.runInNewFrame_ (C:\Eclipse\release-automation\trunk-smoke\nolio\platform\server\ui\nl-build-utils\node_modules\protractor\node_modules\selenium-webdriver\lib\webdriver\promise.js:1654:20)
    at notify (C:\Eclipse\release-automation\trunk-smoke\nolio\platform\server\ui\nl-build-utils\node_modules\protractor\node_modules\selenium-webdriver\lib\webdriver\promise.js:465:12)
    at notifyAll (C:\Eclipse\release-automation\trunk-smoke\nolio\platform\server\ui\nl-build-utils\node_modules\protractor\node_modules\selenium-webdriver\lib\webdriver\promise.js:442:7)
    at resolve (C:\Eclipse\release-automation\trunk-smoke\nolio\platform\server\ui\nl-build-utils\node_modules\protractor\node_modules\selenium-webdriver\lib\webdriver\promise.js:420:7)
    at [object Object].fulfill (C:\Eclipse\release-automation\trunk-smoke\nolio\platform\server\ui\nl-build-utils\node_modules\protractor\node_modules\selenium-webdriver\lib\webdriver\promise.js:535:5)
    at C:\Eclipse\release-automation\trunk-smoke\nolio\platform\server\ui\nl-build-utils\node_modules\protractor\node_modules\selenium-webdriver\lib\webdriver\promise.js:1520:10
==== async task ====
WebElement.sendKeys([object Object])
    at [object Object].webdriver.WebDriver.schedule (C:\Eclipse\release-automation\trunk-smoke\nolio\platform\server\ui\nl-build-utils\node_modules\protractor\node_modules\selenium-webdriver\lib\webdriver\webdriver.js:345:15)
    at [object Object].webdriver.WebElement.schedule_ (C:\Eclipse\release-automation\trunk-smoke\nolio\platform\server\ui\nl-build-utils\node_modules\protractor\node_modules\selenium-webdriver\lib\webdriver\webdriver.js:1727:23)
    at [object Object].webdriver.WebElement.sendKeys (C:\Eclipse\release-automation\trunk-smoke\nolio\platform\server\ui\nl-build-utils\node_modules\protractor\node_modules\selenium-webdriver\lib\webdriver\webdriver.js:1888:15)
    at actionFn (C:\Eclipse\release-automation\trunk-smoke\nolio\platform\server\ui\nl-build-utils\node_modules\protractor\lib\element.js:75:32)
    at C:\Eclipse\release-automation\trunk-smoke\nolio\platform\server\ui\nl-build-utils\node_modules\protractor\lib\element.js:394:17
    at Array.forEach (native)
    at C:\Eclipse\release-automation\trunk-smoke\nolio\platform\server\ui\nl-build-utils\node_modules\protractor\lib\element.js:393:9
    at C:\Eclipse\release-automation\trunk-smoke\nolio\platform\server\ui\nl-build-utils\node_modules\protractor\node_modules\selenium-webdriver\lib\goog\base.js:1582:15
    at [object Object].webdriver.promise.ControlFlow.runInNewFrame_ (C:\Eclipse\release-automation\trunk-smoke\nolio\platform\server\ui\nl-build-utils\node_modules\protractor\node_modules\selenium-webdriver\lib\webdriver\promise.js:1654:20)
==== async task ====
Asynchronous test function: it()
    at [object Object].&amp;lt;anonymous&amp;gt; (C:\Eclipse\release-automation\trunk-smoke\nolio\platform\server\ui\nl-build-utils\node_modules\protractor\node_modules\jasminewd\index.js:93:33)
    at [object Object].&amp;lt;anonymous&amp;gt; (C:\Eclipse\release-automation\trunk-smoke\nolio\platform\server\ui\nl-build-utils\node_modules\protractor\node_modules\minijasminenode\lib\async-callback.js:45:37)
    at [object Object].jasmine.Block.execute (C:\Eclipse\release-automation\trunk-smoke\nolio\platform\server\ui\nl-build-utils\node_modules\protractor\node_modules\minijasminenode\lib\jasmine-1.3.1.js:1174:17)
    at [object Object].jasmine.Queue.next_ (C:\Eclipse\release-automation\trunk-smoke\nolio\platform\server\ui\nl-build-utils\node_modules\protractor\node_modules\minijasminenode\lib\jasmine-1.3.1.js:2209:31)
    at [object Object]._onTimeout (C:\Eclipse\release-automation\trunk-smoke\nolio\platform\server\ui\nl-build-utils\node_modules\protractor\node_modules\minijasminenode\lib\jasmine-1.3.1.js:2199:18)
    at Timer.listOnTimeout (timers.js:110:15)
Error
    at [object Object].ElementArrayFinder.applyAction_ (C:\Eclipse\release-automation\trunk-smoke\nolio\platform\server\ui\nl-build-utils\node_modules\protractor\lib\element.js:390:21)
    at [object Object].self.(anonymous function) [as sendKeys] (C:\Eclipse\release-automation\trunk-smoke\nolio\platform\server\ui\nl-build-utils\node_modules\protractor\lib\element.js:77:19)
    at [object Object].self.(anonymous function) [as sendKeys] (C:\Eclipse\release-automation\trunk-smoke\nolio\platform\server\ui\nl-build-utils\node_modules\protractor\lib\element.js:698:11)
    at [object Object].searchOnTreeByName (C:\Eclipse\release-automation\trunk-smoke\nolio\platform\server\ui\web-ui\test\protractor\shared\common\treeViewOperations.js:91:49)
    at [object Object].moveUsage (C:\Eclipse\release-automation\trunk-smoke\nolio\platform\server\ui\web-ui\test\protractor\shared\pages\paramTreeOperations.js:408:14)
    at [object Object].&amp;lt;anonymous&amp;gt; (C:\Eclipse\release-automation\trunk-smoke\nolio\platform\server\ui\web-ui\test\protractor\suites\studio\sharedComponentsParameterSanity.js:1330:23)
    at C:\Eclipse\release-automation\trunk-smoke\nolio\platform\server\ui\nl-build-utils\node_modules\protractor\node_modules\jasminewd\index.js:94:14
    at [object Object].webdriver.promise.ControlFlow.runInNewFrame_ (C:\Eclipse\release-automation\trunk-smoke\nolio\platform\server\ui\nl-build-utils\node_modules\protractor\node_modules\selenium-webdriver\lib\webdriver\promise.js:1654:20)
    at [object Object].webdriver.promise.ControlFlow.runEventLoop_ (C:\Eclipse\release-automation\trunk-smoke\nolio\platform\server\ui\nl-build-utils\node_modules\protractor\node_modules\selenium-webdriver\lib\webdriver\promise.js:1518:8)
    at [object Object].wrapper [as _onTimeout] (timers.js:265:14)==== async task ====
Error
    at [object Object].&amp;lt;anonymous&amp;gt; (C:\Eclipse\release-automation\trunk-smoke\nolio\platform\server\ui\web-ui\test\protractor\suites\studio\sharedComponentsParameterSanity.js:1306:9)
    at [object Object].jasmine.Env.describe_ (C:\Eclipse\release-automation\trunk-smoke\nolio\platform\server\ui\nl-build-utils\node_modules\protractor\node_modules\minijasminenode\lib\jasmine-1.3.1.js:913:21)
    at [object Object].jasmine.Env.describe (C:\Eclipse\release-automation\trunk-smoke\nolio\platform\server\ui\nl-build-utils\node_modules\protractor\node_modules\minijasminenode\lib\jasmine-1.3.1.js:898:15)
    at describe (C:\Eclipse\release-automation\trunk-smoke\nolio\platform\server\ui\nl-build-utils\node_modules\protractor\node_modules\minijasminenode\lib\jasmine-1.3.1.js:658:27)
    at [object Object].&amp;lt;anonymous&amp;gt; (C:\Eclipse\release-automation\trunk-smoke\nolio\platform\server\ui\web-ui\test\protractor\suites\studio\sharedComponentsParameterSanity.js:1125:5)
    at [object Object].jasmine.Env.describe_ (C:\Eclipse\release-automation\trunk-smoke\nolio\platform\server\ui\nl-build-utils\node_modules\protractor\node_modules\minijasminenode\lib\jasmine-1.3.1.js:913:21)
    at [object Object].jasmine.Env.describe (C:\Eclipse\release-automation\trunk-smoke\nolio\platform\server\ui\nl-build-utils\node_modules\protractor\node_modules\minijasminenode\lib\jasmine-1.3.1.js:898:15)
    at describe (C:\Eclipse\release-automation\trunk-smoke\nolio\platform\server\ui\nl-build-utils\node_modules\protractor\node_modules\minijasminenode\lib\jasmine-1.3.1.js:658:27)
    at Object.&amp;lt;anonymous&amp;gt; (C:\Eclipse\release-automation\trunk-smoke\nolio\platform\server\ui\web-ui\test\protractor\suites\studio\sharedComponentsParameterSanity.js:9:1)</failure></testcase>
  <testcase classname="SharedComponentParameterSanity SYSP1.Component Level" name="13927 parameter overwrite E2E" time="84.45"><failure type="expect" message="Error: Timed out waiting for Protractor to synchronize with the page after 11 seconds. Please see https://github.com/angular/protractor/blob/master/docs/faq.md">Error: Timed out waiting for Protractor to synchronize with the page after 11 seconds. Please see https://github.com/angular/protractor/blob/master/docs/faq.md
    at Error (native)
    at C:\Eclipse\release-automation\trunk-smoke\nolio\platform\server\ui\nl-build-utils\node_modules\protractor\node_modules\selenium-webdriver\lib\webdriver\promise.js:1526:15
    at newFrame.onAbort (C:\Eclipse\release-automation\trunk-smoke\nolio\platform\server\ui\nl-build-utils\node_modules\protractor\node_modules\selenium-webdriver\lib\webdriver\promise.js:1679:7)
    at [object Object].webdriver.promise.Frame_.notify_ (C:\Eclipse\release-automation\trunk-smoke\nolio\platform\server\ui\nl-build-utils\node_modules\protractor\node_modules\selenium-webdriver\lib\webdriver\promise.js:1914:5)
    at [object Object]._onTimeout (C:\Eclipse\release-automation\trunk-smoke\nolio\platform\server\ui\nl-build-utils\node_modules\protractor\node_modules\selenium-webdriver\lib\webdriver\promise.js:1887:13)
    at Timer.listOnTimeout (timers.js:110:15)
==== async task ====
Protractor.waitForAngular()
    at [object Object].webdriver.WebDriver.schedule (C:\Eclipse\release-automation\trunk-smoke\nolio\platform\server\ui\nl-build-utils\node_modules\protractor\node_modules\selenium-webdriver\lib\webdriver\webdriver.js:345:15)
    at [object Object].Protractor.executeAsyncScript_ (C:\Eclipse\release-automation\trunk-smoke\nolio\platform\server\ui\nl-build-utils\node_modules\protractor\lib\protractor.js:247:26)
    at [object Object].Protractor.waitForAngular (C:\Eclipse\release-automation\trunk-smoke\nolio\platform\server\ui\nl-build-utils\node_modules\protractor\lib\protractor.js:270:15)
    at [object Object].getWebElements (C:\Eclipse\release-automation\trunk-smoke\nolio\platform\server\ui\nl-build-utils\node_modules\protractor\lib\element.js:136:19)
    at [object Object].ElementArrayFinder.count (C:\Eclipse\release-automation\trunk-smoke\nolio\platform\server\ui\nl-build-utils\node_modules\protractor\lib\element.js:355:15)
    at [object Object].ElementFinder.isPresent (C:\Eclipse\release-automation\trunk-smoke\nolio\platform\server\ui\nl-build-utils\node_modules\protractor\lib\element.js:895:40)
    at [object Object].isParameterInFieldPresent (C:\Eclipse\release-automation\trunk-smoke\nolio\platform\server\ui\web-ui\test\protractor\shared\pages\ActionPage.js:196:140)
    at [object Object].&amp;lt;anonymous&amp;gt; (C:\Eclipse\release-automation\trunk-smoke\nolio\platform\server\ui\web-ui\test\protractor\suites\studio\sharedComponentsParameterSanity.js:1376:27)
    at C:\Eclipse\release-automation\trunk-smoke\nolio\platform\server\ui\nl-build-utils\node_modules\protractor\node_modules\jasminewd\index.js:94:14
==== async task ====
Asynchronous test function: it()
    at [object Object].&amp;lt;anonymous&amp;gt; (C:\Eclipse\release-automation\trunk-smoke\nolio\platform\server\ui\nl-build-utils\node_modules\protractor\node_modules\jasminewd\index.js:93:33)
    at [object Object].&amp;lt;anonymous&amp;gt; (C:\Eclipse\release-automation\trunk-smoke\nolio\platform\server\ui\nl-build-utils\node_modules\protractor\node_modules\minijasminenode\lib\async-callback.js:45:37)
    at [object Object].jasmine.Block.execute (C:\Eclipse\release-automation\trunk-smoke\nolio\platform\server\ui\nl-build-utils\node_modules\protractor\node_modules\minijasminenode\lib\jasmine-1.3.1.js:1174:17)
    at [object Object].jasmine.Queue.next_ (C:\Eclipse\release-automation\trunk-smoke\nolio\platform\server\ui\nl-build-utils\node_modules\protractor\node_modules\minijasminenode\lib\jasmine-1.3.1.js:2209:31)
    at [object Object]._onTimeout (C:\Eclipse\release-automation\trunk-smoke\nolio\platform\server\ui\nl-build-utils\node_modules\protractor\node_modules\minijasminenode\lib\jasmine-1.3.1.js:2199:18)
    at Timer.listOnTimeout (timers.js:110:15)==== async task ====
Error
    at [object Object].&amp;lt;anonymous&amp;gt; (C:\Eclipse\release-automation\trunk-smoke\nolio\platform\server\ui\web-ui\test\protractor\suites\studio\sharedComponentsParameterSanity.js:1346:9)
    at [object Object].jasmine.Env.describe_ (C:\Eclipse\release-automation\trunk-smoke\nolio\platform\server\ui\nl-build-utils\node_modules\protractor\node_modules\minijasminenode\lib\jasmine-1.3.1.js:913:21)
    at [object Object].jasmine.Env.describe (C:\Eclipse\release-automation\trunk-smoke\nolio\platform\server\ui\nl-build-utils\node_modules\protractor\node_modules\minijasminenode\lib\jasmine-1.3.1.js:898:15)
    at describe (C:\Eclipse\release-automation\trunk-smoke\nolio\platform\server\ui\nl-build-utils\node_modules\protractor\node_modules\minijasminenode\lib\jasmine-1.3.1.js:658:27)
    at [object Object].&amp;lt;anonymous&amp;gt; (C:\Eclipse\release-automation\trunk-smoke\nolio\platform\server\ui\web-ui\test\protractor\suites\studio\sharedComponentsParameterSanity.js:1125:5)
    at [object Object].jasmine.Env.describe_ (C:\Eclipse\release-automation\trunk-smoke\nolio\platform\server\ui\nl-build-utils\node_modules\protractor\node_modules\minijasminenode\lib\jasmine-1.3.1.js:913:21)
    at [object Object].jasmine.Env.describe (C:\Eclipse\release-automation\trunk-smoke\nolio\platform\server\ui\nl-build-utils\node_modules\protractor\node_modules\minijasminenode\lib\jasmine-1.3.1.js:898:15)
    at describe (C:\Eclipse\release-automation\trunk-smoke\nolio\platform\server\ui\nl-build-utils\node_modules\protractor\node_modules\minijasminenode\lib\jasmine-1.3.1.js:658:27)
    at Object.&amp;lt;anonymous&amp;gt; (C:\Eclipse\release-automation\trunk-smoke\nolio\platform\server\ui\web-ui\test\protractor\suites\studio\sharedComponentsParameterSanity.js:9:1)</failure></testcase>
</testsuite>
</testsuites>